#
# There is insufficient memory for the Java Runtime Environment to continue.
# Native memory allocation (mmap) failed to map 536870912 bytes. Error detail: G1 virtual space
# Possible reasons:
#   The system is out of physical RAM or swap space
#   This process is running with CompressedOops enabled, and the Java Heap may be blocking the growth of the native heap
# Possible solutions:
#   Reduce memory load on the system
#   Increase physical memory or swap space
#   Check if swap backing store is full
#   Decrease Java heap size (-Xmx/-Xms)
#   Decrease number of Java threads
#   Decrease Java thread stack sizes (-Xss)
#   Set larger code cache with -XX:ReservedCodeCacheSize=
#   JVM is running with Zero Based Compressed Oops mode in which the Java heap is
#     placed in the first 32GB address space. The Java Heap base address is the
#     maximum limit for the native heap growth. Please use -XX:HeapBaseMinAddress
#     to set the Java Heap base and to place the Java Heap above 32GB virtual address.
# This output file may be truncated or incomplete.
#
#  Out of Memory Error (os_windows.cpp:3613), pid=16556, tid=23528
#
# JRE version:  (17.0.12+7) (build )
# Java VM: OpenJDK 64-Bit Server VM (17.0.12+7-LTS, mixed mode, emulated-client, sharing, tiered, compressed oops, compressed class ptrs, g1 gc, windows-amd64)
# No core dump will be written. Minidumps are not enabled by default on client versions of Windows
#

---------------  S U M M A R Y ------------

Command Line: -XX:TieredStopAtLevel=1 -Dspring.output.ansi.enabled=always -Dcom.sun.management.jmxremote -Dspring.jmx.enabled=true -Dspring.liveBeansView.mbeanDomain -Dspring.application.admin.enabled=true -Dmanagement.endpoints.jmx.exposure.include=* -javaagent:C:\Program Files\JetBrains\IntelliJ IDEA 2024.2.0.2\lib\idea_rt.jar=53656:C:\Program Files\JetBrains\IntelliJ IDEA 2024.2.0.2\bin -Dfile.encoding=UTF-8 kr.configserver.ConfigServerApplication

Host: Intel(R) Core(TM) i7-8700 CPU @ 3.20GHz, 12 cores, 31G,  Windows 11 , 64 bit Build 22621 (10.0.22621.3958)
Time: Fri Oct 18 09:49:35 2024  Windows 11 , 64 bit Build 22621 (10.0.22621.3958) elapsed time: 0.018045 seconds (0d 0h 0m 0s)

---------------  T H R E A D  ---------------

Current thread (0x000001f7eefff780):  JavaThread "Unknown thread" [_thread_in_vm, id=23528, stack(0x000000ef0f800000,0x000000ef0f900000)]

Stack: [0x000000ef0f800000,0x000000ef0f900000]
Native frames: (J=compiled Java code, j=interpreted, Vv=VM code, C=native code)
V  [jvm.dll+0x67f4f9]
V  [jvm.dll+0x836eaa]
V  [jvm.dll+0x83896e]
V  [jvm.dll+0x838fd3]
V  [jvm.dll+0x247f6f]
V  [jvm.dll+0x67c2b9]
V  [jvm.dll+0x670d7a]
V  [jvm.dll+0x307b5b]
V  [jvm.dll+0x30f046]
V  [jvm.dll+0x35f22e]
V  [jvm.dll+0x35f46f]
V  [jvm.dll+0x2deb7c]
V  [jvm.dll+0x2dfad4]
V  [jvm.dll+0x80870b]
V  [jvm.dll+0x36cfa1]
V  [jvm.dll+0x7e70f5]
V  [jvm.dll+0x3f0adf]
V  [jvm.dll+0x3f2631]
C  [jli.dll+0x528f]
C  [ucrtbase.dll+0x29333]
C  [KERNEL32.DLL+0x1257d]
C  [ntdll.dll+0x5af08]


---------------  P R O C E S S  ---------------

Threads class SMR info:
_java_thread_list=0x00007ffab6446f18, length=0, elements={
}

Java Threads: ( => current thread )

Other Threads:
  0x000001f7fcf00a00 GCTaskThread "GC Thread#0" [stack: 0x000000ef0f900000,0x000000ef0fa00000] [id=22892]
  0x000001f7ef07b690 ConcurrentGCThread "G1 Main Marker" [stack: 0x000000ef0fa00000,0x000000ef0fb00000] [id=25164]
  0x000001f7ef07c760 ConcurrentGCThread "G1 Conc#0" [stack: 0x000000ef0fb00000,0x000000ef0fc00000] [id=7876]

[error occurred during error reporting (printing all threads), id 0xc0000005, EXCEPTION_ACCESS_VIOLATION (0xc0000005) at pc=0x00007ffab5bff277]

VM state: not at safepoint (not fully initialized)

VM Mutex/Monitor currently owned by a thread:  ([mutex/lock_event])
[0x000001f7eeffb990] Heap_lock - owner thread: 0x000001f7eefff780

Heap address: 0x0000000603800000, size: 8136 MB, Compressed Oops mode: Zero based, Oop shift amount: 3

CDS archive(s) mapped at: [0x0000000000000000-0x0000000000000000-0x0000000000000000), size 0, SharedBaseAddress: 0x0000000800000000, ArchiveRelocationMode: 1.
Narrow klass base: 0x0000000000000000, Narrow klass shift: 0, Narrow klass range: 0x0

GC Precious Log:
<Empty>

Heap:
 garbage-first heap   total 0K, used 0K [0x0000000603800000, 0x0000000800000000)
  region size 4096K, 0 young (0K), 0 survivors (0K)

[error occurred during error reporting (printing heap information), id 0xc0000005, EXCEPTION_ACCESS_VIOLATION (0xc0000005) at pc=0x00007ffab5fe8829]

GC Heap History (0 events):
No events

Dll operation events (1 events):
Event: 0.012 Loaded shared library C:\Users\bitcamp\.jdks\corretto-17.0.12\bin\java.dll

Deoptimization events (0 events):
No events

Classes loaded (0 events):
No events

Classes unloaded (0 events):
No events

Classes redefined (0 events):
No events

Internal exceptions (0 events):
No events

VM Operations (0 events):
No events

Events (0 events):
No events


Dynamic libraries:
0x00007ff74a750000 - 0x00007ff74a75e000 	C:\Users\bitcamp\.jdks\corretto-17.0.12\bin\java.exe
0x00007ffb5ba50000 - 0x00007ffb5bc67000 	C:\WINDOWS\SYSTEM32\ntdll.dll
0x00007ffb59de0000 - 0x00007ffb59ea4000 	C:\WINDOWS\System32\KERNEL32.DLL
0x00007ffb590b0000 - 0x00007ffb59467000 	C:\WINDOWS\System32\KERNELBASE.dll
0x00007ffb58f90000 - 0x00007ffb590a1000 	C:\WINDOWS\System32\ucrtbase.dll
0x00007ffb2fea0000 - 0x00007ffb2feb7000 	C:\Users\bitcamp\.jdks\corretto-17.0.12\bin\jli.dll
0x00007ffb2eb80000 - 0x00007ffb2eb9b000 	C:\Users\bitcamp\.jdks\corretto-17.0.12\bin\VCRUNTIME140.dll
0x00007ffb59eb0000 - 0x00007ffb5a05f000 	C:\WINDOWS\System32\USER32.dll
0x00007ffb594a0000 - 0x00007ffb594c6000 	C:\WINDOWS\System32\win32u.dll
0x00007ffb59da0000 - 0x00007ffb59dc9000 	C:\WINDOWS\System32\GDI32.dll
0x00007ffb41df0000 - 0x00007ffb42083000 	C:\WINDOWS\WinSxS\amd64_microsoft.windows.common-controls_6595b64144ccf1df_6.0.22621.3672_none_2713b9d173822955\COMCTL32.dll
0x00007ffb59660000 - 0x00007ffb59778000 	C:\WINDOWS\System32\gdi32full.dll
0x00007ffb59540000 - 0x00007ffb595da000 	C:\WINDOWS\System32\msvcp_win.dll
0x00007ffb5a1d0000 - 0x00007ffb5a277000 	C:\WINDOWS\System32\msvcrt.dll
0x00007ffb5a9f0000 - 0x00007ffb5aa21000 	C:\WINDOWS\System32\IMM32.DLL
0x00007ffb3a500000 - 0x00007ffb3a50c000 	C:\Users\bitcamp\.jdks\corretto-17.0.12\bin\vcruntime140_1.dll
0x00007ffaf0380000 - 0x00007ffaf040d000 	C:\Users\bitcamp\.jdks\corretto-17.0.12\bin\msvcp140.dll
0x00007ffab5910000 - 0x00007ffab657a000 	C:\Users\bitcamp\.jdks\corretto-17.0.12\bin\server\jvm.dll
0x00007ffb59af0000 - 0x00007ffb59ba2000 	C:\WINDOWS\System32\ADVAPI32.dll
0x00007ffb597e0000 - 0x00007ffb59888000 	C:\WINDOWS\System32\sechost.dll
0x00007ffb59470000 - 0x00007ffb59498000 	C:\WINDOWS\System32\bcrypt.dll
0x00007ffb5a280000 - 0x00007ffb5a394000 	C:\WINDOWS\System32\RPCRT4.dll
0x00007ffb5a970000 - 0x00007ffb5a9e1000 	C:\WINDOWS\System32\WS2_32.dll
0x00007ffb48810000 - 0x00007ffb48844000 	C:\WINDOWS\SYSTEM32\WINMM.dll
0x00007ffb58a80000 - 0x00007ffb58acd000 	C:\WINDOWS\SYSTEM32\POWRPROF.dll
0x00007ffb50a40000 - 0x00007ffb50a4a000 	C:\WINDOWS\SYSTEM32\VERSION.dll
0x00007ffb58a60000 - 0x00007ffb58a73000 	C:\WINDOWS\SYSTEM32\UMPDC.dll
0x00007ffb57d10000 - 0x00007ffb57d28000 	C:\WINDOWS\SYSTEM32\kernel.appcore.dll
0x00007ffb32960000 - 0x00007ffb3296a000 	C:\Users\bitcamp\.jdks\corretto-17.0.12\bin\jimage.dll
0x00007ffb3af20000 - 0x00007ffb3b152000 	C:\WINDOWS\SYSTEM32\DBGHELP.DLL
0x00007ffb5a5e0000 - 0x00007ffb5a96e000 	C:\WINDOWS\System32\combase.dll
0x00007ffb5a500000 - 0x00007ffb5a5d7000 	C:\WINDOWS\System32\OLEAUT32.dll
0x00007ffb48af0000 - 0x00007ffb48b22000 	C:\WINDOWS\SYSTEM32\dbgcore.DLL
0x00007ffb595e0000 - 0x00007ffb5965b000 	C:\WINDOWS\System32\bcryptPrimitives.dll
0x00007ffb31480000 - 0x00007ffb3148e000 	C:\Users\bitcamp\.jdks\corretto-17.0.12\bin\instrument.dll
0x00007ffb2e8e0000 - 0x00007ffb2e905000 	C:\Users\bitcamp\.jdks\corretto-17.0.12\bin\java.dll

dbghelp: loaded successfully - version: 4.0.5 - missing functions: none
symbol engine: initialized successfully - sym options: 0x614 - pdb path: .;C:\Users\bitcamp\.jdks\corretto-17.0.12\bin;C:\WINDOWS\SYSTEM32;C:\WINDOWS\WinSxS\amd64_microsoft.windows.common-controls_6595b64144ccf1df_6.0.22621.3672_none_2713b9d173822955;C:\Users\bitcamp\.jdks\corretto-17.0.12\bin\server

VM Arguments:
jvm_args: -XX:TieredStopAtLevel=1 -Dspring.output.ansi.enabled=always -Dcom.sun.management.jmxremote -Dspring.jmx.enabled=true -Dspring.liveBeansView.mbeanDomain -Dspring.application.admin.enabled=true -Dmanagement.endpoints.jmx.exposure.include=* -javaagent:C:\Program Files\JetBrains\IntelliJ IDEA 2024.2.0.2\lib\idea_rt.jar=53656:C:\Program Files\JetBrains\IntelliJ IDEA 2024.2.0.2\bin -Dfile.encoding=UTF-8 
java_command: kr.configserver.ConfigServerApplication
java_class_path (initial): C:\Users\bitcamp\Documents\project\nyamnyam-spring-cloud\server\config-server\build\classes\java\main;C:\Users\bitcamp\Documents\project\nyamnyam-spring-cloud\server\config-server\build\resources\main;C:\Users\bitcamp\.gradle\caches\modules-2\files-2.1\org.springframework.boot\spring-boot-starter-actuator\3.3.4\9ad9ae9cc5f37ed572f81f426c1481f26aadaf4c\spring-boot-starter-actuator-3.3.4.jar;C:\Users\bitcamp\.gradle\caches\modules-2\files-2.1\org.springframework.cloud\spring-cloud-config-server\4.1.3\4a31f8710f0644f1beb4c774385ba37f8144c03e\spring-cloud-config-server-4.1.3.jar;C:\Users\bitcamp\.gradle\caches\modules-2\files-2.1\org.springframework.boot\spring-boot-starter\3.3.4\f02312a6816fb439a55d2920b9af8f0f8abf5bac\spring-boot-starter-3.3.4.jar;C:\Users\bitcamp\.gradle\caches\modules-2\files-2.1\org.springframework.boot\spring-boot-actuator-autoconfigure\3.3.4\20d38f1d2d7e58a079031793a283e384cfc1c8bd\spring-boot-actuator-autoconfigure-3.3.4.jar;C:\Users\bitcamp\.gradle\caches\modules-2\files-2.1\io.micrometer\micrometer-jakarta9\1.13.4\c03aeda6af5e8bae53f87e99c0083df8f4982ae1\micrometer-jakarta9-1.13.4.jar;C:\Users\bitcamp\.gradle\caches\modules-2\files-2.1\io.micrometer\micrometer-observation\1.13.4\2673c9b181ab2512002b23b7ad0f1dd02212696c\micrometer-observation-1.13.4.jar;C:\Users\bitcamp\.gradle\caches\modules-2\files-2.1\org.springframework.boot\spring-boot-starter-web\3.3.4\b43a9fd107611337777b47dc7518e2aca59e58eb\spring-boot-starter-web-3.3.4.jar;C:\Users\bitcamp\.gradle\caches\modules-2\files-2.1\org.springframework.boot\spring-boot-starter-validation\3.3.4\cd5e06f484dc2825a8d9704a2093a72587af2b58\spring-boot-starter-validation-3.3.4.jar;C:\Users\bitcamp\.gradle\caches\modules-2\files-2.1\org.springframework.cloud\spring-cloud-config-client\4.1.2\cf6c5fb293342bea473c6aec94bfe9e3813e240b\spring-cloud-config-client-4.1.2.jar;C:\Users\bitcamp\.gradle\caches\modules-2\files-2.1\com.fasterxml.jackson.dataformat\jackson-dataformat-yaml
Launcher Type: SUN_STANDARD

[Global flags]
     intx CICompilerCount                          = 4                                         {product} {ergonomic}
     uint ConcGCThreads                            = 3                                         {product} {ergonomic}
     uint G1ConcRefinementThreads                  = 10                                        {product} {ergonomic}
   size_t G1HeapRegionSize                         = 4194304                                   {product} {ergonomic}
    uintx GCDrainStackTargetSize                   = 64                                        {product} {ergonomic}
   size_t InitialHeapSize                          = 536870912                                 {product} {ergonomic}
     bool ManagementServer                         = true                                      {product} {command line}
   size_t MarkStackSize                            = 4194304                                   {product} {ergonomic}
   size_t MaxHeapSize                              = 8531214336                                {product} {ergonomic}
   size_t MinHeapDeltaBytes                        = 4194304                                   {product} {ergonomic}
   size_t MinHeapSize                              = 8388608                                   {product} {ergonomic}
    uintx NonProfiledCodeHeapSize                  = 0                                      {pd product} {ergonomic}
     bool ProfileInterpreter                       = false                                  {pd product} {command line}
    uintx ProfiledCodeHeapSize                     = 0                                      {pd product} {ergonomic}
   size_t SoftMaxHeapSize                          = 8531214336                             {manageable} {ergonomic}
     intx TieredStopAtLevel                        = 1                                         {product} {command line}
     bool UseCompressedClassPointers               = true                           {product lp64_product} {ergonomic}
     bool UseCompressedOops                        = true                           {product lp64_product} {ergonomic}
     bool UseG1GC                                  = true                                      {product} {ergonomic}
     bool UseLargePagesIndividualAllocation        = false                                  {pd product} {ergonomic}

Logging:
Log output configuration:
 #0: stdout all=warning uptime,level,tags
 #1: stderr all=off uptime,level,tags

Environment Variables:
JAVA_HOME=C:\Program Files\Java\jdk-22
PATH=C:\Python312\Scripts\;C:\Python312\;C:\Program Files\Common Files\Oracle\Java\javapath;C:\WINDOWS\system32;C:\WINDOWS;C:\WINDOWS\System32\Wbem;C:\WINDOWS\System32\WindowsPowerShell\v1.0\;C:\WINDOWS\System32\OpenSSH\;C:\Program Files\Git\cmd;C:\ProgramData\chocolatey\bin;C:\Program Files (x86)\Yarn\bin\;C:\Program Files\nodejs\;C:\Program Files\Docker\Docker\resources\bin;C:\minikube;C:\Program Files\JetBrains\IntelliJ IDEA 2024.2.0.2\bin;C:\Users\bitcamp\AppData\Local\Microsoft\WindowsApps;C:\Users\bitcamp\AppData\Local\Programs\Microsoft VS Code\bin;C:\Users\bitcamp\AppData\Local\GitHubDesktop\bin;C:\Users\bitcamp\AppData\Local\Yarn\bin;C:\Users\bitcamp\AppData\Roaming\npm;C:\Program Files\nodejs;
USERNAME=bitcamp
OS=Windows_NT
PROCESSOR_IDENTIFIER=Intel64 Family 6 Model 158 Stepping 10, GenuineIntel
TMP=C:\Users\bitcamp\AppData\Local\Temp
TEMP=C:\Users\bitcamp\AppData\Local\Temp



Periodic native trim disabled


---------------  S Y S T E M  ---------------

OS:
 Windows 11 , 64 bit Build 22621 (10.0.22621.3958)
OS uptime: 2 days 18:06 hours
Hyper-V role detected

CPU: total 12 (initial active 12) (6 cores per cpu, 2 threads per core) family 6 model 158 stepping 10 microcode 0xde, cx8, cmov, fxsr, ht, mmx, 3dnowpref, sse, sse2, sse3, ssse3, sse4.1, sse4.2, popcnt, lzcnt, tsc, tscinvbit, avx, avx2, aes, erms, clmul, bmi1, bmi2, rtm, adx, fma, vzeroupper, clflush, clflushopt, hv
Processor Information for all 12 processors :
  Max Mhz: 3192, Current Mhz: 3192, Mhz Limit: 3192

Memory: 4k page, system-wide physical 32541M (5841M free)
TotalPageFile size 34589M (AvailPageFile size 362M)
current process WorkingSet (physical memory assigned to process): 11M, peak: 11M
current process commit charge ("private bytes"): 60M, peak: 571M

vm_info: OpenJDK 64-Bit Server VM (17.0.12+7-LTS) for windows-amd64 JRE (17.0.12+7-LTS), built on Jul 10 2024 20:46:33 by "Administrator" with MS VC++ 16.10 / 16.11 (VS2019)

END.
