#
# There is insufficient memory for the Java Runtime Environment to continue.
# Native memory allocation (mmap) failed to map 536870912 bytes. Error detail: G1 virtual space
# Possible reasons:
#   The system is out of physical RAM or swap space
#   This process is running with CompressedOops enabled, and the Java Heap may be blocking the growth of the native heap
# Possible solutions:
#   Reduce memory load on the system
#   Increase physical memory or swap space
#   Check if swap backing store is full
#   Decrease Java heap size (-Xmx/-Xms)
#   Decrease number of Java threads
#   Decrease Java thread stack sizes (-Xss)
#   Set larger code cache with -XX:ReservedCodeCacheSize=
#   JVM is running with Zero Based Compressed Oops mode in which the Java heap is
#     placed in the first 32GB address space. The Java Heap base address is the
#     maximum limit for the native heap growth. Please use -XX:HeapBaseMinAddress
#     to set the Java Heap base and to place the Java Heap above 32GB virtual address.
# This output file may be truncated or incomplete.
#
#  Out of Memory Error (os_windows.cpp:3613), pid=11896, tid=12236
#
# JRE version:  (17.0.12+7) (build )
# Java VM: OpenJDK 64-Bit Server VM (17.0.12+7-LTS, mixed mode, emulated-client, sharing, tiered, compressed oops, compressed class ptrs, g1 gc, windows-amd64)
# No core dump will be written. Minidumps are not enabled by default on client versions of Windows
#

---------------  S U M M A R Y ------------

Command Line: -XX:TieredStopAtLevel=1 -Dspring.output.ansi.enabled=always -Dcom.sun.management.jmxremote -Dspring.jmx.enabled=true -Dspring.liveBeansView.mbeanDomain -Dspring.application.admin.enabled=true -Dmanagement.endpoints.jmx.exposure.include=* -javaagent:C:\Program Files\JetBrains\IntelliJ IDEA 2024.2.0.2\lib\idea_rt.jar=63591:C:\Program Files\JetBrains\IntelliJ IDEA 2024.2.0.2\bin -Dfile.encoding=UTF-8 kr.gateway.GatewayApplication

Host: Intel(R) Core(TM) i7-8700 CPU @ 3.20GHz, 12 cores, 31G,  Windows 11 , 64 bit Build 22621 (10.0.22621.3958)
Time: Mon Nov  4 14:56:28 2024  Windows 11 , 64 bit Build 22621 (10.0.22621.3958) elapsed time: 0.014600 seconds (0d 0h 0m 0s)

---------------  T H R E A D  ---------------

Current thread (0x0000021b5190c890):  JavaThread "Unknown thread" [_thread_in_vm, id=12236, stack(0x000000d85e100000,0x000000d85e200000)]

Stack: [0x000000d85e100000,0x000000d85e200000]
Native frames: (J=compiled Java code, j=interpreted, Vv=VM code, C=native code)
V  [jvm.dll+0x67f4f9]
V  [jvm.dll+0x836eaa]
V  [jvm.dll+0x83896e]
V  [jvm.dll+0x838fd3]
V  [jvm.dll+0x247f6f]
V  [jvm.dll+0x67c2b9]
V  [jvm.dll+0x670d7a]
V  [jvm.dll+0x307b5b]
V  [jvm.dll+0x30f046]
V  [jvm.dll+0x35f22e]
V  [jvm.dll+0x35f46f]
V  [jvm.dll+0x2deb7c]
V  [jvm.dll+0x2dfad4]
V  [jvm.dll+0x80870b]
V  [jvm.dll+0x36cfa1]
V  [jvm.dll+0x7e70f5]
V  [jvm.dll+0x3f0adf]
V  [jvm.dll+0x3f2631]
C  [jli.dll+0x528f]
C  [ucrtbase.dll+0x29333]
C  [KERNEL32.DLL+0x1257d]
C  [ntdll.dll+0x5af08]


---------------  P R O C E S S  ---------------

Threads class SMR info:
_java_thread_list=0x00007ff8cc9e6f18, length=0, elements={
}

Java Threads: ( => current thread )

Other Threads:
  0x0000021b715c0a00 GCTaskThread "GC Thread#0" [stack: 0x000000d85e200000,0x000000d85e300000] [id=15200]
  0x0000021b51988680 ConcurrentGCThread "G1 Main Marker" [stack: 0x000000d85e300000,0x000000d85e400000] [id=4384]
  0x0000021b51988fb0 ConcurrentGCThread "G1 Conc#0" [stack: 0x000000d85e400000,0x000000d85e500000] [id=20700]

[error occurred during error reporting (printing all threads), id 0xc0000005, EXCEPTION_ACCESS_VIOLATION (0xc0000005) at pc=0x00007ff8cc19f277]

VM state: not at safepoint (not fully initialized)

VM Mutex/Monitor currently owned by a thread:  ([mutex/lock_event])
[0x0000021b51909580] Heap_lock - owner thread: 0x0000021b5190c890

Heap address: 0x0000000603800000, size: 8136 MB, Compressed Oops mode: Zero based, Oop shift amount: 3

CDS archive(s) mapped at: [0x0000000000000000-0x0000000000000000-0x0000000000000000), size 0, SharedBaseAddress: 0x0000000800000000, ArchiveRelocationMode: 1.
Narrow klass base: 0x0000000000000000, Narrow klass shift: 0, Narrow klass range: 0x0

GC Precious Log:
<Empty>

Heap:
 garbage-first heap   total 0K, used 0K [0x0000000603800000, 0x0000000800000000)
  region size 4096K, 0 young (0K), 0 survivors (0K)

[error occurred during error reporting (printing heap information), id 0xc0000005, EXCEPTION_ACCESS_VIOLATION (0xc0000005) at pc=0x00007ff8cc588829]

GC Heap History (0 events):
No events

Dll operation events (1 events):
Event: 0.011 Loaded shared library C:\Users\bitcamp\.jdks\corretto-17.0.12\bin\java.dll

Deoptimization events (0 events):
No events

Classes loaded (0 events):
No events

Classes unloaded (0 events):
No events

Classes redefined (0 events):
No events

Internal exceptions (0 events):
No events

VM Operations (0 events):
No events

Events (0 events):
No events


Dynamic libraries:
0x00007ff648f00000 - 0x00007ff648f0e000 	C:\Users\bitcamp\.jdks\corretto-17.0.12\bin\java.exe
0x00007ff90e790000 - 0x00007ff90e9a7000 	C:\WINDOWS\SYSTEM32\ntdll.dll
0x00007ff90e2d0000 - 0x00007ff90e394000 	C:\WINDOWS\System32\KERNEL32.DLL
0x00007ff90baa0000 - 0x00007ff90be57000 	C:\WINDOWS\System32\KERNELBASE.dll
0x00007ff90bff0000 - 0x00007ff90c101000 	C:\WINDOWS\System32\ucrtbase.dll
0x00007ff908940000 - 0x00007ff908957000 	C:\Users\bitcamp\.jdks\corretto-17.0.12\bin\jli.dll
0x00007ff908860000 - 0x00007ff90887b000 	C:\Users\bitcamp\.jdks\corretto-17.0.12\bin\VCRUNTIME140.dll
0x00007ff90cb30000 - 0x00007ff90ccdf000 	C:\WINDOWS\System32\USER32.dll
0x00007ff90c3e0000 - 0x00007ff90c406000 	C:\WINDOWS\System32\win32u.dll
0x00007ff8f4920000 - 0x00007ff8f4bb3000 	C:\WINDOWS\WinSxS\amd64_microsoft.windows.common-controls_6595b64144ccf1df_6.0.22621.3672_none_2713b9d173822955\COMCTL32.dll
0x00007ff90d5a0000 - 0x00007ff90d5c9000 	C:\WINDOWS\System32\GDI32.dll
0x00007ff90bed0000 - 0x00007ff90bfe8000 	C:\WINDOWS\System32\gdi32full.dll
0x00007ff90ca80000 - 0x00007ff90cb27000 	C:\WINDOWS\System32\msvcrt.dll
0x00007ff90c1d0000 - 0x00007ff90c26a000 	C:\WINDOWS\System32\msvcp_win.dll
0x00007ff90e710000 - 0x00007ff90e741000 	C:\WINDOWS\System32\IMM32.DLL
0x00007ff908260000 - 0x00007ff90826c000 	C:\Users\bitcamp\.jdks\corretto-17.0.12\bin\vcruntime140_1.dll
0x00007ff8f6a70000 - 0x00007ff8f6afd000 	C:\Users\bitcamp\.jdks\corretto-17.0.12\bin\msvcp140.dll
0x00007ff8cbeb0000 - 0x00007ff8ccb1a000 	C:\Users\bitcamp\.jdks\corretto-17.0.12\bin\server\jvm.dll
0x00007ff90cce0000 - 0x00007ff90cd92000 	C:\WINDOWS\System32\ADVAPI32.dll
0x00007ff90d4f0000 - 0x00007ff90d598000 	C:\WINDOWS\System32\sechost.dll
0x00007ff90c410000 - 0x00007ff90c438000 	C:\WINDOWS\System32\bcrypt.dll
0x00007ff90c8b0000 - 0x00007ff90c9c4000 	C:\WINDOWS\System32\RPCRT4.dll
0x00007ff90e510000 - 0x00007ff90e581000 	C:\WINDOWS\System32\WS2_32.dll
0x00007ff90b8c0000 - 0x00007ff90b90d000 	C:\WINDOWS\SYSTEM32\POWRPROF.dll
0x00007ff8fb680000 - 0x00007ff8fb6b4000 	C:\WINDOWS\SYSTEM32\WINMM.dll
0x00007ff903540000 - 0x00007ff90354a000 	C:\WINDOWS\SYSTEM32\VERSION.dll
0x00007ff90b7a0000 - 0x00007ff90b7b3000 	C:\WINDOWS\SYSTEM32\UMPDC.dll
0x00007ff90aab0000 - 0x00007ff90aac8000 	C:\WINDOWS\SYSTEM32\kernel.appcore.dll
0x00007ff908230000 - 0x00007ff90823a000 	C:\Users\bitcamp\.jdks\corretto-17.0.12\bin\jimage.dll
0x00007ff8ee450000 - 0x00007ff8ee682000 	C:\WINDOWS\SYSTEM32\DBGHELP.DLL
0x00007ff90c520000 - 0x00007ff90c8ae000 	C:\WINDOWS\System32\combase.dll
0x00007ff90e0f0000 - 0x00007ff90e1c7000 	C:\WINDOWS\System32\OLEAUT32.dll
0x00007ff8fb980000 - 0x00007ff8fb9b2000 	C:\WINDOWS\SYSTEM32\dbgcore.DLL
0x00007ff90c440000 - 0x00007ff90c4bb000 	C:\WINDOWS\System32\bcryptPrimitives.dll
0x00007ff9081e0000 - 0x00007ff9081ee000 	C:\Users\bitcamp\.jdks\corretto-17.0.12\bin\instrument.dll
0x00007ff9029a0000 - 0x00007ff9029c5000 	C:\Users\bitcamp\.jdks\corretto-17.0.12\bin\java.dll

dbghelp: loaded successfully - version: 4.0.5 - missing functions: none
symbol engine: initialized successfully - sym options: 0x614 - pdb path: .;C:\Users\bitcamp\.jdks\corretto-17.0.12\bin;C:\WINDOWS\SYSTEM32;C:\WINDOWS\WinSxS\amd64_microsoft.windows.common-controls_6595b64144ccf1df_6.0.22621.3672_none_2713b9d173822955;C:\Users\bitcamp\.jdks\corretto-17.0.12\bin\server

VM Arguments:
jvm_args: -XX:TieredStopAtLevel=1 -Dspring.output.ansi.enabled=always -Dcom.sun.management.jmxremote -Dspring.jmx.enabled=true -Dspring.liveBeansView.mbeanDomain -Dspring.application.admin.enabled=true -Dmanagement.endpoints.jmx.exposure.include=* -javaagent:C:\Program Files\JetBrains\IntelliJ IDEA 2024.2.0.2\lib\idea_rt.jar=63591:C:\Program Files\JetBrains\IntelliJ IDEA 2024.2.0.2\bin -Dfile.encoding=UTF-8 
java_command: kr.gateway.GatewayApplication
java_class_path (initial): C:\Users\bitcamp\Documents\project\nyamnyam-spring-cloud\server\gateway-server\build\classes\java\main;C:\Users\bitcamp\Documents\project\nyamnyam-spring-cloud\server\gateway-server\build\resources\main;C:\Users\bitcamp\.gradle\caches\modules-2\files-2.1\org.projectlombok\lombok\1.18.34\ec547ef414ab1d2c040118fb9c1c265ada63af14\lombok-1.18.34.jar;C:\Users\bitcamp\.gradle\caches\modules-2\files-2.1\org.springframework.boot\spring-boot-starter-security\3.3.4\58e8b8decf2116c2e3422368d8f1ebd5bdff117\spring-boot-starter-security-3.3.4.jar;C:\Users\bitcamp\.gradle\caches\modules-2\files-2.1\org.springframework.boot\spring-boot-starter-oauth2-client\3.3.4\32fce0906617e9afc48a50a20a161674b080027f\spring-boot-starter-oauth2-client-3.3.4.jar;C:\Users\bitcamp\.gradle\caches\modules-2\files-2.1\org.springframework.cloud\spring-cloud-starter-gateway\4.0.0\eb753130017b01df0d2033207f282de66527a5d7\spring-cloud-starter-gateway-4.0.0.jar;C:\Users\bitcamp\.gradle\caches\modules-2\files-2.1\org.springframework.cloud\spring-cloud-starter-circuitbreaker-reactor-resilience4j\3.1.2\9cbc0d3106b9ebeee0a693704d79b69f86f355a0\spring-cloud-starter-circuitbreaker-reactor-resilience4j-3.1.2.jar;C:\Users\bitcamp\.gradle\caches\modules-2\files-2.1\io.jsonwebtoken\jjwt-api\0.12.6\478886a888f6add04937baf0361144504a024967\jjwt-api-0.12.6.jar;C:\Users\bitcamp\.gradle\caches\modules-2\files-2.1\io.micrometer\micrometer-registry-prometheus\1.13.4\8e19d08ff3b493318b50a49e8a3d831a6ccb573d\micrometer-registry-prometheus-1.13.4.jar;C:\Users\bitcamp\.gradle\caches\modules-2\files-2.1\org.springdoc\springdoc-openapi-starter-webflux-ui\2.6.0\338fb012693665079821dc92e37e2e91bdc0f9a9\springdoc-openapi-starter-webflux-ui-2.6.0.jar;C:\Users\bitcamp\.gradle\caches\modules-2\files-2.1\org.springframework.boot\spring-boot-starter-data-mongodb-reactive\3.3.4\3eadcf25d36313683dfd03d654347ee3870d9600\spring-boot-starter-data-mongodb-reactive-3.3.4.jar;C:\Users\bitcamp\.gradle\caches\modules-2
Launcher Type: SUN_STANDARD

[Global flags]
     intx CICompilerCount                          = 4                                         {product} {ergonomic}
     uint ConcGCThreads                            = 3                                         {product} {ergonomic}
     uint G1ConcRefinementThreads                  = 10                                        {product} {ergonomic}
   size_t G1HeapRegionSize                         = 4194304                                   {product} {ergonomic}
    uintx GCDrainStackTargetSize                   = 64                                        {product} {ergonomic}
   size_t InitialHeapSize                          = 536870912                                 {product} {ergonomic}
     bool ManagementServer                         = true                                      {product} {command line}
   size_t MarkStackSize                            = 4194304                                   {product} {ergonomic}
   size_t MaxHeapSize                              = 8531214336                                {product} {ergonomic}
   size_t MinHeapDeltaBytes                        = 4194304                                   {product} {ergonomic}
   size_t MinHeapSize                              = 8388608                                   {product} {ergonomic}
    uintx NonProfiledCodeHeapSize                  = 0                                      {pd product} {ergonomic}
     bool ProfileInterpreter                       = false                                  {pd product} {command line}
    uintx ProfiledCodeHeapSize                     = 0                                      {pd product} {ergonomic}
   size_t SoftMaxHeapSize                          = 8531214336                             {manageable} {ergonomic}
     intx TieredStopAtLevel                        = 1                                         {product} {command line}
     bool UseCompressedClassPointers               = true                           {product lp64_product} {ergonomic}
     bool UseCompressedOops                        = true                           {product lp64_product} {ergonomic}
     bool UseG1GC                                  = true                                      {product} {ergonomic}
     bool UseLargePagesIndividualAllocation        = false                                  {pd product} {ergonomic}

Logging:
Log output configuration:
 #0: stdout all=warning uptime,level,tags
 #1: stderr all=off uptime,level,tags

Environment Variables:
JAVA_HOME=C:\Program Files\Java\jdk-22
PATH=C:\Python312\Scripts\;C:\Python312\;C:\Program Files\Common Files\Oracle\Java\javapath;C:\WINDOWS\system32;C:\WINDOWS;C:\WINDOWS\System32\Wbem;C:\WINDOWS\System32\WindowsPowerShell\v1.0\;C:\WINDOWS\System32\OpenSSH\;C:\Program Files\Git\cmd;C:\ProgramData\chocolatey\bin;C:\Program Files (x86)\Yarn\bin\;C:\Program Files\nodejs\;C:\Program Files\Docker\Docker\resources\bin;C:\minikube;C:\Program Files\JetBrains\IntelliJ IDEA 2024.2.0.2\bin;C:\Users\bitcamp\AppData\Local\Microsoft\WindowsApps;C:\Users\bitcamp\AppData\Local\Programs\Microsoft VS Code\bin;C:\Users\bitcamp\AppData\Local\GitHubDesktop\bin;C:\Users\bitcamp\AppData\Local\Yarn\bin;C:\Users\bitcamp\AppData\Roaming\npm;C:\Program Files\nodejs;
USERNAME=bitcamp
OS=Windows_NT
PROCESSOR_IDENTIFIER=Intel64 Family 6 Model 158 Stepping 10, GenuineIntel
TMP=C:\Users\bitcamp\AppData\Local\Temp
TEMP=C:\Users\bitcamp\AppData\Local\Temp



Periodic native trim disabled


---------------  S Y S T E M  ---------------

OS:
 Windows 11 , 64 bit Build 22621 (10.0.22621.3958)
OS uptime: 4 days 23:29 hours
Hyper-V role detected

CPU: total 12 (initial active 12) (6 cores per cpu, 2 threads per core) family 6 model 158 stepping 10 microcode 0xde, cx8, cmov, fxsr, ht, mmx, 3dnowpref, sse, sse2, sse3, ssse3, sse4.1, sse4.2, popcnt, lzcnt, tsc, tscinvbit, avx, avx2, aes, erms, clmul, bmi1, bmi2, rtm, adx, fma, vzeroupper, clflush, clflushopt, hv
Processor Information for all 12 processors :
  Max Mhz: 3192, Current Mhz: 3192, Mhz Limit: 3192

Memory: 4k page, system-wide physical 32541M (15181M free)
TotalPageFile size 34589M (AvailPageFile size 177M)
current process WorkingSet (physical memory assigned to process): 11M, peak: 11M
current process commit charge ("private bytes"): 60M, peak: 571M

vm_info: OpenJDK 64-Bit Server VM (17.0.12+7-LTS) for windows-amd64 JRE (17.0.12+7-LTS), built on Jul 10 2024 20:46:33 by "Administrator" with MS VC++ 16.10 / 16.11 (VS2019)

END.
